<?xml version="1.0" encoding="UTF-8"?>
<!-- Generated by org.testng.reporters.JUnitXMLReporter -->
<testsuite hostname="personal-laptop" name="firsttestngpackage" tests="3" failures="0" timestamp="29 Jun 2015 04:58:33 GMT" time="10.775" errors="0">
  <testcase name="verifyHomePageTitle" time="0.027" classname="firsttestngpackage.FirstTestNGFile"/>
  <testcase name="UsingDriver" time="9.234" classname="firsttestngpackage.IndeedJobSearch"/>
  <testcase name="Hello" time="0.002" classname="firsttestngpackage.HelloWorld"/>
</testsuite> <!-- firsttestngpackage -->
