<?xml version="1.0" encoding="UTF-8"?>
<!-- Generated by org.testng.reporters.JUnitXMLReporter -->
<testsuite hostname="personal-laptop" name="testNGxml" tests="3" failures="0" timestamp="15 Oct 2015 01:48:29 GMT" time="6.013" errors="0">
  <testcase name="Hello" time="0.021" classname="firsttestngpackage.HelloWorld"/>
  <testcase name="verifyHomePageTitle" time="2.492" classname="firsttestngpackage.FirstTestNGFile"/>
  <testcase name="UsingDriver" time="0.0" classname="firsttestngpackage.IndeedJobSearch">
    <skipped/>
  </testcase> <!-- UsingDriver -->
</testsuite> <!-- testNGxml -->
