<?xml version="1.0" encoding="UTF-8"?>
<!-- Generated by org.testng.reporters.JUnitXMLReporter -->
<testsuite hostname="personal-laptop" name="testNG1xml" tests="3" failures="3" timestamp="15 Oct 2015 17:54:38 GMT" time="2.959" errors="0">
  <testcase name="selectFromDropown" time="0.045" classname="firsttestngpackage.PresidentSel">
    <failure type="java.lang.Error" message="Unresolved compilation problem: 
	The method xPath(String, String) is undefined for the type By
">
      <![CDATA[java.lang.Error: Unresolved compilation problem: 
	The method xPath(String, String) is undefined for the type By

	at firsttestngpackage.PresidentSel.selectFromDropown(PresidentSel.java:54)
... Removed 24 stack frames]]>
    </failure>
  </testcase> <!-- selectFromDropown -->
  <testcase name="verifyHomePageTitle" time="1.23" classname="firsttestngpackage.PresidentSel">
    <failure type="java.lang.AssertionError" message="expected [Presidents of USA] but found [Presidents of the United States]">
      <![CDATA[java.lang.AssertionError: expected [Presidents of USA] but found [Presidents of the United States]
	at firsttestngpackage.PresidentSel.verifyHomePageTitle(PresidentSel.java:32)
... Removed 29 stack frames]]>
    </failure>
  </testcase> <!-- verifyHomePageTitle -->
  <testcase name="presidentByName" time="1.6" classname="firsttestngpackage.PresidentName">
    <failure type="java.lang.AssertionError" message="expected [Presidents of USA] but found [Presidents of the United States]">
      <![CDATA[java.lang.AssertionError: expected [Presidents of USA] but found [Presidents of the United States]
	at firsttestngpackage.PresidentName.presidentByName(PresidentName.java:26)
... Removed 29 stack frames]]>
    </failure>
  </testcase> <!-- presidentByName -->
</testsuite> <!-- testNG1xml -->
