<?xml version="1.0" encoding="UTF-8"?>
<!-- Generated by org.testng.reporters.JUnitXMLReporter -->
<testsuite hostname="personal-laptop" name="testNGxml" tests="3" failures="0" timestamp="28 Sep 2015 00:08:25 GMT" time="7.155" errors="0">
  <testcase name="Hello" time="0.128" classname="firsttestngpackage.HelloWorld"/>
  <testcase name="verifyHomePageTitle" time="2.93" classname="firsttestngpackage.FirstTestNGFile"/>
  <testcase name="UsingDriver" time="0.0" classname="firsttestngpackage.IndeedJobSearch">
    <skipped/>
  </testcase> <!-- UsingDriver -->
</testsuite> <!-- testNGxml -->
